<?xml version="1.0" encoding="UTF-8"?>
<testng-results skipped="0" failed="0" total="2" passed="2">
  <reporter-output>
  </reporter-output>
  <suite name="My Sample Suite" duration-ms="53319" started-at="2016-09-06T18:23:41Z" finished-at="2016-09-06T18:24:34Z">
    <groups>
    </groups>
    <test name="LoginTest" duration-ms="53319" started-at="2016-09-06T18:23:41Z" finished-at="2016-09-06T18:24:34Z">
      <class name="mam.ukma.com.testcases.LoginTest">
        <test-method status="PASS" signature="invalidLogin(java.lang.String, java.lang.String)[pri:0, instance:mam.ukma.com.testcases.LoginTest@180bc464]" name="invalidLogin" duration-ms="47539" started-at="2016-09-06T23:53:41Z" data-provider="getData" finished-at="2016-09-06T23:54:28Z">
          <params>
            <param index="0">
              <value>
                <![CDATA[Admin]]>
              </value>
            </param>
            <param index="1">
              <value>
                <![CDATA[Globrin@313]]>
              </value>
            </param>
          </params>
          <reporter-output>
          </reporter-output>
        </test-method> <!-- invalidLogin -->
        <test-method status="PASS" signature="invalidLogin(java.lang.String, java.lang.String)[pri:0, instance:mam.ukma.com.testcases.LoginTest@180bc464]" name="invalidLogin" duration-ms="5748" started-at="2016-09-06T23:54:28Z" data-provider="getData" finished-at="2016-09-06T23:54:34Z">
          <params>
            <param index="0">
              <value>
                <![CDATA[Adminyy]]>
              </value>
            </param>
            <param index="1">
              <value>
                <![CDATA[Globrin@313]]>
              </value>
            </param>
          </params>
          <reporter-output>
          </reporter-output>
        </test-method> <!-- invalidLogin -->
      </class> <!-- mam.ukma.com.testcases.LoginTest -->
    </test> <!-- LoginTest -->
  </suite> <!-- My Sample Suite -->
</testng-results>
