<?xml version="1.0" encoding="UTF-8"?>
<testsuite xmlns:xsi="http://www.w3.org/2001/XMLSchema-instance" xsi:schemaLocation="https://maven.apache.org/surefire/maven-surefire-plugin/xsd/surefire-test-report.xsd" name="TestSuite" time="250.133" tests="9" errors="0" skipped="0" failures="1">
  <properties>
[...]
</properties>
  <testcase name="invalidLoginTest" classname="mam.ukma.com.testcases.LoginTest" time="91.537"/>
  <testcase name="invalidLoginTest" classname="mam.ukma.com.testcases.LoginTest" time="15.409"/>
  <testcase name="invalidLoginTest" classname="mam.ukma.com.testcases.LoginTest" time="9.532"/>
  <testcase name="createNewJob" classname="mam.ukma.com.testcases.JobTest" time="21.367"/>
  <testcase name="createNewJob" classname="mam.ukma.com.testcases.JobTest" time="13.846"/>
  <testcase name="createNewJob" classname="mam.ukma.com.testcases.JobTest" time="25.539"/>
  <testcase name="createNewJob" classname="mam.ukma.com.testcases.JobTest" time="15.682"/>
  <testcase name="createNewJob" classname="mam.ukma.com.testcases.JobTest" time="25.44">
    <failure message="Web Element [[ChromeDriver: chrome on WIN8_1 (e010528fe63d156b44318676f600f16b)] -&gt; xpath: //select[@id=&apos;MainContent_ddlMeterWorkTypes&apos;]] is not present on the page! no such element: Unable to locate element: {&quot;method&quot;:&quot;xpath&quot;,&quot;selector&quot;:&quot;//select[@id=&apos;MainContent_ddlMeterWorkTypes&apos;]&quot;}&#10;  (Session info: chrome=53.0.2785.116)&#10;  (Driver info: chromedriver=2.20.353145 (343b531d31eeb933ec778dbcf7081628a1396067),platform=Windows NT 6.3 x86_64) (WARNING: The server did not provide any stacktrace information)&#10;Command duration or timeout: 1.19 seconds&#10;For documentation on this error, please visit: http://seleniumhq.org/exceptions/no_such_element.html&#10;Build info: version: &apos;2.49.0&apos;, revision: &apos;365eeb44deba2067b1761c8862ef21d55250e063&apos;, time: &apos;2016-01-13 11:57:39&apos;&#10;System info: host: &apos;hp&apos;, ip: &apos;192.168.43.142&apos;, os.name: &apos;Windows 8.1&apos;, os.arch: &apos;amd64&apos;, os.version: &apos;6.3&apos;, java.version: &apos;1.8.0_60&apos;&#10;Driver info: org.openqa.selenium.chrome.ChromeDriver&#10;Capabilities [{applicationCacheEnabled=false, rotatable=false, mobileEmulationEnabled=false, chrome={userDataDir=C:\Users\ANUPAM\AppData\Local\Temp\scoped_dir4396_31315}, takesHeapSnapshot=true, databaseEnabled=false, handlesAlerts=true, hasTouchScreen=false, version=53.0.2785.116, platform=WIN8_1, browserConnectionEnabled=false, nativeEvents=true, acceptSslCerts=true, locationContextEnabled=true, webStorageEnabled=true, browserName=chrome, takesScreenshot=true, javascriptEnabled=true, cssSelectorsEnabled=true}]&#10;Session ID: e010528fe63d156b44318676f600f16b&#10;*** Element info: {Using=xpath, value=//select[@id=&apos;MainContent_ddlMeterWorkTypes&apos;]}" type="java.lang.AssertionError">java.lang.AssertionError: 
Web Element [[ChromeDriver: chrome on WIN8_1 (e010528fe63d156b44318676f600f16b)] -> xpath: //select[@id='MainContent_ddlMeterWorkTypes']] is not present on the page! no such element: Unable to locate element: {"method":"xpath","selector":"//select[@id='MainContent_ddlMeterWorkTypes']"}
  (Session info: chrome=53.0.2785.116)
  (Driver info: chromedriver=2.20.353145 (343b531d31eeb933ec778dbcf7081628a1396067),platform=Windows NT 6.3 x86_64) (WARNING: The server did not provide any stacktrace information)
Command duration or timeout: 1.19 seconds
For documentation on this error, please visit: http://seleniumhq.org/exceptions/no_such_element.html
Build info: version: '2.49.0', revision: '365eeb44deba2067b1761c8862ef21d55250e063', time: '2016-01-13 11:57:39'
System info: host: 'hp', ip: '192.168.43.142', os.name: 'Windows 8.1', os.arch: 'amd64', os.version: '6.3', java.version: '1.8.0_60'
Driver info: org.openqa.selenium.chrome.ChromeDriver
Capabilities [{applicationCacheEnabled=false, rotatable=false, mobileEmulationEnabled=false, chrome={userDataDir=C:\Users\ANUPAM\AppData\Local\Temp\scoped_dir4396_31315}, takesHeapSnapshot=true, databaseEnabled=false, handlesAlerts=true, hasTouchScreen=false, version=53.0.2785.116, platform=WIN8_1, browserConnectionEnabled=false, nativeEvents=true, acceptSslCerts=true, locationContextEnabled=true, webStorageEnabled=true, browserName=chrome, takesScreenshot=true, javascriptEnabled=true, cssSelectorsEnabled=true}]
Session ID: e010528fe63d156b44318676f600f16b
*** Element info: {Using=xpath, value=//select[@id='MainContent_ddlMeterWorkTypes']}
	at mam.ukma.com.testcases.JobTest.createNewJob(JobTest.java:40)
</failure>
    <system-out><![CDATA[MeterPoint---N
CreateJob---Y
]]></system-out>
    <system-err><![CDATA[Starting ChromeDriver 2.20.353145 (343b531d31eeb933ec778dbcf7081628a1396067) on port 5828
Only local connections are allowed.
]]></system-err>
  </testcase>
  <testcase name="createNewJob" classname="mam.ukma.com.testcases.JobTest" time="20.834"/>
</testsuite>