<?xml version="1.0" encoding="UTF-8"?>
<!-- Generated by org.testng.reporters.JUnitXMLReporter -->
<testsuite hostname="hp" name="LoginTest" tests="3" failures="0" timestamp="1 Oct 2016 09:13:58 GMT" time="105.212" errors="0">
  <testcase name="invalidLoginTest" time="64.955" classname="mam.ukma.com.testcases.LoginTest"/>
  <testcase name="invalidLoginTest" time="14.585" classname="mam.ukma.com.testcases.LoginTest"/>
  <testcase name="invalidLoginTest" time="8.736" classname="mam.ukma.com.testcases.LoginTest"/>
</testsuite> <!-- LoginTest -->
