<?xml version="1.0" encoding="UTF-8"?>
<!-- Generated by org.testng.reporters.JUnitXMLReporter -->
<testsuite hostname="hp" name="Meter Point Test" tests="7" failures="1" timestamp="1 Oct 2016 09:16:27 GMT" time="148.86" errors="0">
  <testcase name="createNewJob" time="19.229" classname="mam.ukma.com.testcases.JobTest"/>
  <testcase name="createNewJob" time="13.871" classname="mam.ukma.com.testcases.JobTest"/>
  <testcase name="createNewJob" time="12.136" classname="mam.ukma.com.testcases.JobTest"/>
  <testcase name="createNewJob" time="28.495" classname="mam.ukma.com.testcases.JobTest"/>
  <testcase name="createNewJob" time="26.159" classname="mam.ukma.com.testcases.JobTest"/>
  <testcase name="createNewJob" time="13.549" classname="mam.ukma.com.testcases.JobTest"/>
  <testcase name="createNewJob" time="21.547" classname="mam.ukma.com.testcases.JobTest">
    <failure type="java.lang.AssertionError" message="Job Created Successfully! expected [true] but found [false]">
      <![CDATA[java.lang.AssertionError: Job Created Successfully! expected [true] but found [false]
	at mam.ukma.com.testcases.JobTest.createNewJob(JobTest.java:51)
... Removed 26 stack frames]]>
    </failure>
  </testcase> <!-- createNewJob -->
</testsuite> <!-- Meter Point Test -->
