<?xml version="1.0" encoding="UTF-8"?>
<!-- Generated by org.testng.reporters.JUnitXMLReporter -->
<testsuite hostname="hp" name="LoginTest" tests="3" failures="0" timestamp="26 Sep 2016 20:02:33 GMT" time="120.136" errors="0">
  <testcase name="invalidLoginTest" time="91.54" classname="mam.ukma.com.testcases.LoginTest"/>
  <testcase name="invalidLoginTest" time="15.415" classname="mam.ukma.com.testcases.LoginTest"/>
  <testcase name="invalidLoginTest" time="9.532" classname="mam.ukma.com.testcases.LoginTest"/>
</testsuite> <!-- LoginTest -->
