<?xml version="1.0" encoding="UTF-8"?>
<!-- Generated by org.testng.reporters.JUnitXMLReporter -->
<testsuite hostname="hp" name="Meter Point Test" tests="6" failures="1" timestamp="26 Sep 2016 20:04:39 GMT" time="125.968" errors="0">
  <testcase name="createNewJob" time="21.369" classname="mam.ukma.com.testcases.JobTest"/>
  <testcase name="createNewJob" time="13.847" classname="mam.ukma.com.testcases.JobTest"/>
  <testcase name="createNewJob" time="25.539" classname="mam.ukma.com.testcases.JobTest"/>
  <testcase name="createNewJob" time="15.681" classname="mam.ukma.com.testcases.JobTest"/>
  <testcase name="createNewJob" time="25.304" classname="mam.ukma.com.testcases.JobTest">
    <failure type="java.lang.AssertionError" message="Web Element [[ChromeDriver: chrome on WIN8_1 (e010528fe63d156b44318676f600f16b)] -&amp;gt; xpath: //select[@id=&amp;apos;MainContent_ddlMeterWorkTypes&amp;apos;]] is not present on the page! no such element: Unable to locate element: {&amp;quot;method&amp;quot;:&amp;quot;xpath&amp;quot;,&amp;quot;selector&amp;quot;:&amp;quot;//select[@id=&amp;apos;MainContent_ddlMeterWorkTypes&amp;apos;]&amp;quot;}
  (Session info: chrome=53.0.2785.116)
  (Driver info: chromedriver=2.20.353145 (343b531d31eeb933ec778dbcf7081628a1396067),platform=Windows NT 6.3 x86_64) (WARNING: The server did not provide any stacktrace information)
Command duration or timeout: 1.19 seconds
For documentation on this error, please visit: http://seleniumhq.org/exceptions/no_such_element.html
Build info: version: &amp;apos;2.49.0&amp;apos;, revision: &amp;apos;365eeb44deba2067b1761c8862ef21d55250e063&amp;apos;, time: &amp;apos;2016-01-13 11:57:39&amp;apos;
System info: host: &amp;apos;hp&amp;apos;, ip: &amp;apos;192.168.43.142&amp;apos;, os.name: &amp;apos;Windows 8.1&amp;apos;, os.arch: &amp;apos;amd64&amp;apos;, os.version: &amp;apos;6.3&amp;apos;, java.version: &amp;apos;1.8.0_60&amp;apos;
Driver info: org.openqa.selenium.chrome.ChromeDriver
Capabilities [{applicationCacheEnabled=false, rotatable=false, mobileEmulationEnabled=false, chrome={userDataDir=C:\Users\ANUPAM\AppData\Local\Temp\scoped_dir4396_31315}, takesHeapSnapshot=true, databaseEnabled=false, handlesAlerts=true, hasTouchScreen=false, version=53.0.2785.116, platform=WIN8_1, browserConnectionEnabled=false, nativeEvents=true, acceptSslCerts=true, locationContextEnabled=true, webStorageEnabled=true, browserName=chrome, takesScreenshot=true, javascriptEnabled=true, cssSelectorsEnabled=true}]
Session ID: e010528fe63d156b44318676f600f16b
*** Element info: {Using=xpath, value=//select[@id=&amp;apos;MainContent_ddlMeterWorkTypes&amp;apos;]}">
      <![CDATA[java.lang.AssertionError: Web Element [[ChromeDriver: chrome on WIN8_1 (e010528fe63d156b44318676f600f16b)] -> xpath: //select[@id='MainContent_ddlMeterWorkTypes']] is not present on the page! no such element: Unable to locate element: {"method":"xpath","selector":"//select[@id='MainContent_ddlMeterWorkTypes']"}
  (Session info: chrome=53.0.2785.116)
  (Driver info: chromedriver=2.20.353145 (343b531d31eeb933ec778dbcf7081628a1396067),platform=Windows NT 6.3 x86_64) (WARNING: The server did not provide any stacktrace information)
Command duration or timeout: 1.19 seconds
For documentation on this error, please visit: http://seleniumhq.org/exceptions/no_such_element.html
Build info: version: '2.49.0', revision: '365eeb44deba2067b1761c8862ef21d55250e063', time: '2016-01-13 11:57:39'
System info: host: 'hp', ip: '192.168.43.142', os.name: 'Windows 8.1', os.arch: 'amd64', os.version: '6.3', java.version: '1.8.0_60'
Driver info: org.openqa.selenium.chrome.ChromeDriver
Capabilities [{applicationCacheEnabled=false, rotatable=false, mobileEmulationEnabled=false, chrome={userDataDir=C:\Users\ANUPAM\AppData\Local\Temp\scoped_dir4396_31315}, takesHeapSnapshot=true, databaseEnabled=false, handlesAlerts=true, hasTouchScreen=false, version=53.0.2785.116, platform=WIN8_1, browserConnectionEnabled=false, nativeEvents=true, acceptSslCerts=true, locationContextEnabled=true, webStorageEnabled=true, browserName=chrome, takesScreenshot=true, javascriptEnabled=true, cssSelectorsEnabled=true}]
Session ID: e010528fe63d156b44318676f600f16b
*** Element info: {Using=xpath, value=//select[@id='MainContent_ddlMeterWorkTypes']}
	at mam.ukma.com.util.Selenium.selectByVisibleText(Selenium.java:109)
	at mam.ukma.com.pages.WorkStreamSelectionPage.selectWorkStream(WorkStreamSelectionPage.java:40)
	at mam.ukma.com.testcases.JobTest.createNewJob(JobTest.java:40)
... Removed 28 stack frames]]>
    </failure>
  </testcase> <!-- createNewJob -->
  <testcase name="createNewJob" time="20.84" classname="mam.ukma.com.testcases.JobTest"/>
</testsuite> <!-- Meter Point Test -->
